This is pdfTeX, Version 3.1415926-2.5-1.40.14 (TeX Live 2013) (format=latex 2021.2.5)  5 FEB 2021 04:51
entering extended mode
 restricted \write18 enabled.
 %&-line parsing enabled.
**_formulas.tex
(./_formulas.tex
LaTeX2e <2011/06/27>
Babel <v3.8m> and hyphenation patterns for english, dumylang, nohyphenation, lo
aded.
(/usr/share/texlive/texmf-dist/tex/latex/base/article.cls
Document Class: article 2007/10/19 v1.4h Standard LaTeX document class
(/usr/share/texlive/texmf-dist/tex/latex/base/size10.clo
File: size10.clo 2007/10/19 v1.4h Standard LaTeX file (size option)

! Font OT1/cmr/m/n/10=cmr10 at 10.0pt not loadable: Metric (TFM) file not found
.
<to be read again> 
                   relax 
l.64 \normalsize
                
? 
! Emergency stop.
<to be read again> 
                   relax 
l.64 \normalsize
                
End of file on the terminal!

 
Here is how much of TeX's memory you used:
 50 strings out of 495064
 790 string characters out of 3182225
 45057 words of memory out of 3000000
 3325 multiletter control sequences out of 15000+200000
 695 words of font info for 4 fonts, out of 3000000 for 9000
 14 hyphenation exceptions out of 8191
 23i,0n,17p,159b,35s stack positions out of 5000i,500n,10000p,200000b,50000s
No pages of output.
